<?xml version="1.0" encoding="utf-8"?><testsuites name="pytest tests"><testsuite name="pytest" errors="0" failures="1" skipped="0" tests="25" time="4.311" timestamp="2026-06-26T07:23:00.532569+00:00" hostname="agent-env-109de3b9-87ba-4d59-9150-cb1aa3bffb16"><testcase classname="tests.test_fastvi_api.TestAuth" name="test_login_admin_returns_token_and_cookies" time="0.614" /><testcase classname="tests.test_fastvi_api.TestAdmin" name="test_stats" time="0.615" /><testcase classname="tests.test_fastvi_api.TestAuth" name="test_login_guard" time="0.350" /><testcase classname="tests.test_fastvi_api.TestAdmin" name="test_list_buildings" time="0.053" /><testcase classname="tests.test_fastvi_api.TestAdmin" name="test_list_units" time="0.041" /><testcase classname="tests.test_fastvi_api.TestAdmin" name="test_list_users" time="0.253" /><testcase classname="tests.test_fastvi_api.TestAuth" name="test_login_resident_has_unit" time="0.548" /><testcase classname="tests.test_fastvi_api.TestAdmin" name="test_non_admin_cannot_create_building" time="0.549" /><testcase classname="tests.test_fastvi_api.TestAuth" name="test_login_invalid" time="0.141" /><testcase classname="tests.test_fastvi_api.TestAdmin" name="test_admin_creates_building" time="0.042" /><testcase classname="tests.test_fastvi_api.TestKioskCalls" name="test_public_units" time="0.173" /><testcase classname="tests.test_fastvi_api.TestKioskCalls" name="test_initiate_call_public_for_unit_101" time="0.401" /><testcase classname="tests.test_fastvi_api.TestAuth" name="test_me_authenticated" time="0.416" /><testcase classname="tests.test_fastvi_api.TestAuth" name="test_me_unauthenticated" time="0.108" /><testcase classname="tests.test_fastvi_api.TestKioskCalls" name="test_initiate_call_empty_unit_fails" time="0.368" /><testcase classname="tests.test_fastvi_api.TestRegistration" name="test_register_resident_with_building_code" time="0.320"><failure message="AssertionError: assert 'test_reg_86c9a6a6@fastvi.com' == 'TEST_reg_86c9a6a6@fastvi.com'&#10;  &#10;  - TEST_reg_86c9a6a6@fastvi.com&#10;  ? ^^^^&#10;  + test_reg_86c9a6a6@fastvi.com&#10;  ? ^^^^">backend/tests/test_fastvi_api.py:95: in test_register_resident_with_building_code
    assert body["email"] == unique_email
E   AssertionError: assert 'test_reg_86c9a6a6@fastvi.com' == 'TEST_reg_86c9a6a6@fastvi.com'
E     
E     - TEST_reg_86c9a6a6@fastvi.com
E     ? ^^^^
E     + test_reg_86c9a6a6@fastvi.com
E     ? ^^^^</failure></testcase><testcase classname="tests.test_fastvi_api.TestKioskCalls" name="test_resident_accepts_then_ends_call" time="0.088" /><testcase classname="tests.test_fastvi_api.TestRegistration" name="test_register_duplicate_email_rejected" time="0.103" /><testcase classname="tests.test_fastvi_api.TestKioskCalls" name="test_get_call_public" time="0.095" /><testcase classname="tests.test_fastvi_api.TestRegistration" name="test_register_invalid_role" time="0.094" /><testcase classname="tests.test_fastvi_api.TestKioskCalls" name="test_reject_action_on_new_call" time="0.454" /><testcase classname="tests.test_fastvi_api.TestActivity" name="test_activity_admin" time="0.041" /><testcase classname="tests.test_fastvi_api.TestActivity" name="test_activity_resident_scoped" time="0.258" /><testcase classname="tests.test_fastvi_api.TestPasses" name="test_resident_create_pass_and_guard_validate" time="0.898" /><testcase classname="tests.test_fastvi_api.TestPasses" name="test_validate_unknown_code" time="0.048" /></testsuite></testsuites>