<?xml version="1.0" encoding="utf-8"?><testsuites name="pytest tests"><testsuite name="pytest" errors="0" failures="0" skipped="0" tests="8" time="4.649" timestamp="2026-09-25T17:55:39.377384+00:00" hostname="agent-env-109de3b9-87ba-4d59-9150-cb1aa3bffb16"><testcase classname="tests.test_super_admin" name="test_super_admin_login" time="0.600" /><testcase classname="tests.test_super_admin" name="test_platform_stats_shape" time="0.476" /><testcase classname="tests.test_super_admin" name="test_platform_users_list" time="0.453" /><testcase classname="tests.test_super_admin" name="test_platform_activity_list" time="0.460" /><testcase classname="tests.test_super_admin" name="test_non_super_admin_forbidden[/api/stats/platform]" time="0.480" /><testcase classname="tests.test_super_admin" name="test_non_super_admin_forbidden[/api/platform/users]" time="0.467" /><testcase classname="tests.test_super_admin" name="test_non_super_admin_forbidden[/api/platform/activity]" time="0.502" /><testcase classname="tests.test_super_admin" name="test_building_admin_login_role" time="0.346" /></testsuite></testsuites>